<?xml version="1.0" encoding="UTF-8"?>
<!-- Generated by org.testng.reporters.JUnitXMLReporter -->
<testsuite hostname="user" ignored="2" name="Default test" tests="4" failures="0" timestamp="27 Jan 2022 05:37:16 GMT" time="38.192" errors="0">
  <testcase name="tc1" time="2.271" classname="org.demo.TestCase1"/>
  <testcase name="tc1" time="2.213" classname="org.demo.TestCase1"/>
  <testcase name="tc1" time="2.22" classname="org.demo.TestCase1"/>
  <testcase name="tc1" time="2.239" classname="org.demo.TestCase1"/>
  <testcase name="tc2" time="0.0" classname="org.demo.TestCase1">
    <ignored/>
  </testcase> <!-- tc2 -->
  <testcase name="tc3" time="0.0" classname="org.demo.TestCase1">
    <ignored/>
  </testcase> <!-- tc3 -->
</testsuite> <!-- Default test -->
