<?xml version="1.0" encoding="UTF-8"?>
<!-- Generated by org.testng.reporters.JUnitXMLReporter -->
<testsuite hostname="user" ignored="2" name="Test" tests="1" failures="0" timestamp="27 Jan 2022 05:22:14 GMT" time="8.654" errors="0">
  <testcase name="tc1" time="2.258" classname="org.demo.TestCase1"/>
  <testcase name="tc2" time="0.0" classname="org.demo.TestCase1">
    <ignored/>
  </testcase> <!-- tc2 -->
  <testcase name="tc3" time="0.0" classname="org.demo.TestCase1">
    <ignored/>
  </testcase> <!-- tc3 -->
</testsuite> <!-- Test -->
